<?xml version="1.0" encoding="UTF-8"?>
<testng-results ignored="3" total="4" passed="1" failed="0" skipped="0">
  <reporter-output>
  </reporter-output>
  <suite started-at="2021-12-12T12:42:15 MSK" name="Web mobile testing Suite" finished-at="2021-12-12T12:42:39 MSK" duration-ms="24650">
    <groups>
      <group name="web">
        <method signature="webMobileTests.searchTest(model.Parameters)[pri:0, instance:scenarios.webMobileTests@3571b748]" name="searchTest" class="scenarios.webMobileTests"/>
      </group> <!-- web -->
    </groups>
    <test started-at="2021-12-12T12:42:15 MSK" name="Web tests" finished-at="2021-12-12T12:42:39 MSK" duration-ms="24650">
      <class name="scenarios.webMobileTests">
        <test-method signature="searchTest(model.Parameters)[pri:0, instance:scenarios.webMobileTests@3571b748]" started-at="2021-12-12T12:42:15 MSK" name="searchTest" description="Google search by key word EPAM" data-provider="paramData" finished-at="2021-12-12T12:42:39 MSK" duration-ms="24475" status="PASS">
          <params>
            <param index="0">
              <value>
                <![CDATA[model.Parameters@c0b41d6]]>
              </value>
            </param>
          </params>
          <reporter-output>
          </reporter-output>
        </test-method> <!-- searchTest -->
      </class> <!-- scenarios.webMobileTests -->
      <class name="scenarios.nativeMobileTests">
        <test-method is-config="true" signature="setUp(java.lang.String, java.lang.String, java.lang.String, java.lang.String, java.lang.String)[pri:0, instance:scenarios.nativeMobileTests@2118cddf]" started-at="2021-12-12T12:41:53 MSK" name="setUp" finished-at="2021-12-12T12:42:15 MSK" duration-ms="21527" status="PASS">
          <params>
            <param index="0">
              <value>
                <![CDATA[Android]]>
              </value>
            </param>
            <param index="1">
              <value>
                <![CDATA[web]]>
              </value>
            </param>
            <param index="2">
              <value>
                <![CDATA[emulator-5554]]>
              </value>
            </param>
            <param index="3">
              <value>
                <![CDATA[Chrome]]>
              </value>
            </param>
            <param index="4">
              <value>
                <![CDATA[]]>
              </value>
            </param>
          </params>
          <reporter-output>
          </reporter-output>
        </test-method> <!-- setUp -->
        <test-method is-config="true" signature="tearDown()[pri:0, instance:scenarios.nativeMobileTests@2118cddf]" started-at="2021-12-12T12:42:39 MSK" name="tearDown" finished-at="2021-12-12T12:42:40 MSK" duration-ms="508" status="PASS">
          <reporter-output>
          </reporter-output>
        </test-method> <!-- tearDown -->
      </class> <!-- scenarios.nativeMobileTests -->
    </test> <!-- Web tests -->
  </suite> <!-- Web mobile testing Suite -->
</testng-results>
