<?xml version="1.0" encoding="UTF-8"?>
<!-- Generated by org.testng.reporters.JUnitXMLReporter -->
<testsuite ignored="3" hostname="LAPTOP-5OB1FN0K" failures="0" tests="1" name="Web tests" time="24.65" errors="0" timestamp="2021-12-12T12:42:39 MSK">
  <testcase classname="scenarios.webMobileTests" name="searchTest" time="24.475"/>
  <testcase classname="setup.BaseTest" name="@AfterSuite tearDown" time="0.0">
    <ignored/>
  </testcase> <!-- @AfterSuite tearDown -->
  <testcase classname="scenarios.nativeMobileTests" name="registrationTest" time="0.0">
    <ignored/>
  </testcase> <!-- registrationTest -->
  <testcase classname="setup.BaseTest" name="@BeforeSuite setUp" time="0.0">
    <ignored/>
  </testcase> <!-- @BeforeSuite setUp -->
</testsuite> <!-- Web tests -->
